TN:
SF:/home/christophe/workspaces/blogs/feed2twitter/src/domain/extract-entries.js
FN:5,(anonymous_0)
FNF:1
FNH:1
FNDA:5,(anonymous_0)
DA:3,2
DA:5,2
DA:7,5
DA:8,0
DA:10,5
DA:11,3
DA:13,2
DA:14,2
LF:8
LH:7
BRDA:7,0,0,0
BRDA:7,0,1,5
BRDA:10,1,0,3
BRDA:10,1,1,2
BRDA:10,2,0,5
BRDA:10,2,1,4
BRF:6
BRH:5
end_of_record
TN:
SF:/home/christophe/workspaces/blogs/feed2twitter/src/handlers/process-atom-feed.js
FN:9,(anonymous_0)
FNF:1
FNH:1
FNDA:2,(anonymous_0)
DA:3,1
DA:4,1
DA:5,1
DA:6,1
DA:7,1
DA:9,1
DA:12,2
DA:13,2
DA:14,0
DA:17,2
DA:18,2
DA:19,2
DA:21,2
DA:22,1
DA:23,1
DA:27,1
DA:29,1
DA:30,0
DA:33,1
DA:34,1
DA:35,0
DA:38,1
LF:22
LH:19
BRDA:13,0,0,0
BRDA:13,0,1,2
BRDA:21,1,0,1
BRDA:21,1,1,1
BRDA:21,2,0,2
BRDA:21,2,1,2
BRDA:21,2,2,2
BRDA:29,3,0,0
BRDA:29,3,1,1
BRDA:34,4,0,0
BRDA:34,4,1,1
BRF:11
BRH:8
end_of_record
TN:
SF:/home/christophe/workspaces/blogs/feed2twitter/src/input/get-content.js
FN:13,(anonymous_0)
FNF:1
FNH:1
FNDA:4,(anonymous_0)
DA:4,2
DA:5,2
DA:13,2
DA:15,4
DA:16,4
DA:17,0
DA:19,4
DA:20,4
DA:21,3
DA:22,0
DA:24,3
DA:26,1
DA:27,1
LF:13
LH:11
BRDA:15,0,0,2
BRDA:15,0,1,2
BRDA:16,1,0,0
BRDA:16,1,1,4
BRDA:21,2,0,0
BRDA:21,2,1,3
BRF:6
BRH:4
end_of_record
TN:
SF:/home/christophe/workspaces/blogs/feed2twitter/src/output/tweet.js
FN:6,(anonymous_0)
FNF:1
FNH:0
FNDA:0,(anonymous_0)
DA:4,1
DA:6,1
DA:8,0
DA:9,0
DA:11,0
LF:5
LH:2
BRDA:8,0,0,0
BRDA:8,0,1,0
BRF:2
BRH:0
end_of_record
TN:
SF:/home/christophe/workspaces/blogs/feed2twitter/src/utils/console-disabler.js
FN:3,(anonymous_0)
FNF:1
FNH:1
FNDA:17,(anonymous_0)
DA:3,5
DA:4,17
DA:5,17
DA:6,0
DA:8,17
LF:5
LH:4
BRDA:5,0,0,0
BRDA:5,0,1,17
BRDA:5,1,0,17
BRDA:5,1,1,17
BRF:4
BRH:3
end_of_record
